【xkcoding】2018-07-23 14:03:27.130 INFO  [main] logback.LogApp - Starting LogApp on songbo with PID 7508 (C:\Users\intasect\Desktop\wk\spring-boot\multi-st\springlogback\target\classes started by songbo in C:\Users\intasect\Desktop\wk\spring-boot\multi-st)
【xkcoding】2018-07-23 14:03:27.130 INFO  [main] logback.LogApp - No active profile set, falling back to default profiles: default
【xkcoding】2018-07-23 14:03:27.165 INFO  [main] o.s.b.c.e.AnnotationConfigEmbeddedWebApplicationContext - Refreshing org.springframework.boot.context.embedded.AnnotationConfigEmbeddedWebApplicationContext@7c469c48: startup date [Mon Jul 23 14:03:27 CST 2018]; root of context hierarchy
【xkcoding】2018-07-23 14:03:27.342 INFO  [background-preinit] o.h.validator.internal.util.Version - HV000001: Hibernate Validator 5.3.5.Final
【xkcoding】2018-07-23 14:03:28.212 INFO  [main] o.s.b.c.e.t.TomcatEmbeddedServletContainer - Tomcat initialized with port(s): 8080 (http)
【xkcoding】2018-07-23 14:03:28.228 INFO  [main] o.a.catalina.core.StandardService - Starting service [Tomcat]
【xkcoding】2018-07-23 14:03:28.228 INFO  [main] o.a.catalina.core.StandardEngine - Starting Servlet Engine: Apache Tomcat/8.5.23
【xkcoding】2018-07-23 14:03:28.306 INFO  [localhost-startStop-1] o.a.c.c.C.[.[localhost].[/demo] - Initializing Spring embedded WebApplicationContext
【xkcoding】2018-07-23 14:03:28.306 INFO  [localhost-startStop-1] o.s.web.context.ContextLoader - Root WebApplicationContext: initialization completed in 1141 ms
【xkcoding】2018-07-23 14:03:28.418 INFO  [localhost-startStop-1] o.s.b.w.s.ServletRegistrationBean - Mapping servlet: 'dispatcherServlet' to [/]
【xkcoding】2018-07-23 14:03:28.418 INFO  [localhost-startStop-1] o.s.b.w.s.FilterRegistrationBean - Mapping filter: 'characterEncodingFilter' to: [/*]
【xkcoding】2018-07-23 14:03:28.418 INFO  [localhost-startStop-1] o.s.b.w.s.FilterRegistrationBean - Mapping filter: 'hiddenHttpMethodFilter' to: [/*]
【xkcoding】2018-07-23 14:03:28.418 INFO  [localhost-startStop-1] o.s.b.w.s.FilterRegistrationBean - Mapping filter: 'httpPutFormContentFilter' to: [/*]
【xkcoding】2018-07-23 14:03:28.418 INFO  [localhost-startStop-1] o.s.b.w.s.FilterRegistrationBean - Mapping filter: 'requestContextFilter' to: [/*]
【xkcoding】2018-07-23 14:03:28.699 INFO  [main] o.s.w.s.m.m.a.RequestMappingHandlerAdapter - Looking for @ControllerAdvice: org.springframework.boot.context.embedded.AnnotationConfigEmbeddedWebApplicationContext@7c469c48: startup date [Mon Jul 23 14:03:27 CST 2018]; root of context hierarchy
【xkcoding】2018-07-23 14:03:28.737 INFO  [main] o.s.w.s.m.m.a.RequestMappingHandlerMapping - Mapped "{[/error]}" onto public org.springframework.http.ResponseEntity<java.util.Map<java.lang.String, java.lang.Object>> org.springframework.boot.autoconfigure.web.BasicErrorController.error(javax.servlet.http.HttpServletRequest)
【xkcoding】2018-07-23 14:03:28.737 INFO  [main] o.s.w.s.m.m.a.RequestMappingHandlerMapping - Mapped "{[/error],produces=[text/html]}" onto public org.springframework.web.servlet.ModelAndView org.springframework.boot.autoconfigure.web.BasicErrorController.errorHtml(javax.servlet.http.HttpServletRequest,javax.servlet.http.HttpServletResponse)
【xkcoding】2018-07-23 14:03:28.768 INFO  [main] o.s.w.s.h.SimpleUrlHandlerMapping - Mapped URL path [/webjars/**] onto handler of type [class org.springframework.web.servlet.resource.ResourceHttpRequestHandler]
【xkcoding】2018-07-23 14:03:28.768 INFO  [main] o.s.w.s.h.SimpleUrlHandlerMapping - Mapped URL path [/**] onto handler of type [class org.springframework.web.servlet.resource.ResourceHttpRequestHandler]
【xkcoding】2018-07-23 14:03:28.800 INFO  [main] o.s.w.s.h.SimpleUrlHandlerMapping - Mapped URL path [/**/favicon.ico] onto handler of type [class org.springframework.web.servlet.resource.ResourceHttpRequestHandler]
【xkcoding】2018-07-23 14:03:28.893 INFO  [main] o.s.j.e.a.AnnotationMBeanExporter - Registering beans for JMX exposure on startup
【xkcoding】2018-07-23 14:03:28.893 INFO  [main] o.a.coyote.http11.Http11NioProtocol - Initializing ProtocolHandler ["http-nio-8080"]
【xkcoding】2018-07-23 14:03:28.909 INFO  [main] o.a.coyote.http11.Http11NioProtocol - Starting ProtocolHandler ["http-nio-8080"]
【xkcoding】2018-07-23 14:03:28.909 INFO  [main] o.a.tomcat.util.net.NioSelectorPool - Using a shared selector for servlet write/read
【xkcoding】2018-07-23 14:03:28.940 INFO  [main] o.s.b.c.e.t.TomcatEmbeddedServletContainer - Tomcat started on port(s): 8080 (http)
【xkcoding】2018-07-23 14:03:28.940 INFO  [main] logback.LogApp - Started LogApp in 2.356 seconds (JVM running for 3.73)
【xkcoding】2018-07-23 14:03:28.940 INFO  [main] logback.LogApp - Spring boot启动初始化了 109 个 Bean
【xkcoding】2018-07-23 14:03:28.940 WARN  [main] logback.LogApp - Spring boot启动初始化了 109 个 Bean
【xkcoding】2018-07-23 14:03:28.940 ERROR [main] logback.LogApp - Spring boot启动初始化了 109 个 Bean
【xkcoding】2018-07-23 14:03:28.940 ERROR [main] logback.LogApp - 【SpringBootDemoLogbackApplication】启动异常：
java.lang.ArithmeticException: / by zero
	at logback.LogApp.main(LogApp.java:24)
